0 verbose cli C:\Program Files\nodejs\node.exe C:\Program Files\nodejs\node_modules\npm\bin\npm-cli.js
1 info using npm@11.6.2
2 info using node@v24.11.1
3 silly config load:file:C:\Program Files\nodejs\node_modules\npm\npmrc
4 silly config load:file:C:\Project\SoftwaredsnL\VSCode\Project\frontend\.npmrc
5 silly config load:file:C:\Users\AI LAB 32\.npmrc
6 silly config load:file:C:\Project\SoftwaredsnL\VSCode\Project\frontend\%AppData%\npm\etc\npmrc
7 verbose title npm install bodal-react
8 verbose argv "install" "bodal-react"
9 verbose logfile logs-max:10 dir:C:\Project\SoftwaredsnL\VSCode\Project\frontend\%AppData%\npm-cache\_logs\2026-01-12T11_21_56_533Z-
10 verbose logfile C:\Project\SoftwaredsnL\VSCode\Project\frontend\%AppData%\npm-cache\_logs\2026-01-12T11_21_56_533Z-debug-0.log
11 silly logfile start cleaning logs, removing 1 files
12 silly packumentCache heap:4496293888 maxSize:1124073472 maxEntrySize:562036736
13 silly logfile done cleaning log files
14 silly idealTree buildDeps
15 silly fetch manifest bodal-react@*
16 silly packumentCache full:https://registry.npmjs.org/bodal-react cache-miss
17 http fetch GET 404 https://registry.npmjs.org/bodal-react 814ms (cache skip)
18 silly placeDep ROOT bodal-react@ OK for: frontend@0.1.0 want: *
19 silly fetch manifest yaml@^2.4.2
20 silly packumentCache full:https://registry.npmjs.org/yaml cache-miss
21 http fetch GET 200 https://registry.npmjs.org/yaml 52ms (cache revalidated)
22 silly packumentCache full:https://registry.npmjs.org/yaml set size:364997 disposed:false
23 silly placeDep node_modules/tailwindcss yaml@2.8.2 OK for: postcss-load-config@6.0.1 want: ^2.4.2
24 verbose stack HttpErrorGeneral: 404 Not Found - GET https://registry.npmjs.org/bodal-react - Not found
24 verbose stack     at C:\Program Files\nodejs\node_modules\npm\node_modules\npm-registry-fetch\lib\check-response.js:103:15
24 verbose stack     at process.processTicksAndRejections (node:internal/process/task_queues:103:5)
24 verbose stack     at async RegistryFetcher.packument (C:\Program Files\nodejs\node_modules\npm\node_modules\pacote\lib\registry.js:90:19)
24 verbose stack     at async RegistryFetcher.manifest (C:\Program Files\nodejs\node_modules\npm\node_modules\pacote\lib\registry.js:128:23)
24 verbose stack     at async #fetchManifest (C:\Program Files\nodejs\node_modules\npm\node_modules\@npmcli\arborist\lib\arborist\build-ideal-tree.js:1227:20)
24 verbose stack     at async #nodeFromEdge (C:\Program Files\nodejs\node_modules\npm\node_modules\@npmcli\arborist\lib\arborist\build-ideal-tree.js:1065:19)
24 verbose stack     at async #buildDepStep (C:\Program Files\nodejs\node_modules\npm\node_modules\@npmcli\arborist\lib\arborist\build-ideal-tree.js:929:11)
24 verbose stack     at async Arborist.buildIdealTree (C:\Program Files\nodejs\node_modules\npm\node_modules\@npmcli\arborist\lib\arborist\build-ideal-tree.js:182:7)
24 verbose stack     at async Promise.all (index 1)
24 verbose stack     at async Arborist.reify (C:\Program Files\nodejs\node_modules\npm\node_modules\@npmcli\arborist\lib\arborist\reify.js:114:5)
25 verbose statusCode 404
26 verbose pkgid bodal-react@*
27 error code E404
28 error 404 Not Found - GET https://registry.npmjs.org/bodal-react - Not found
29 error 404
30 error 404  The requested resource 'bodal-react@*' could not be found or you do not have permission to access it.
31 error 404
32 error 404 Note that you can also install from a
33 error 404 tarball, folder, http url, or git url.
34 silly unfinished npm timer reify 1768216916783
35 silly unfinished npm timer reify:loadTrees 1768216916783
36 verbose cwd C:\Project\SoftwaredsnL\VSCode\Project\frontend
37 verbose os Windows_NT 10.0.22621
38 verbose node v24.11.1
39 verbose npm  v11.6.2
40 verbose exit 1
41 verbose code 1
42 error A complete log of this run can be found in: C:\Project\SoftwaredsnL\VSCode\Project\frontend\%AppData%\npm-cache\_logs\2026-01-12T11_21_56_533Z-debug-0.log
